<?xml version="1.0" encoding="UTF-8" ?>
<testsuite errors="0" failures="0" hostname="FROST-PC" name="com.tekdays.TekEventSpec" tests="1" time="5.153" timestamp="2015-07-18T15:56:29">
  <properties />
  <testcase classname="com.tekdays.TekEventSpec" name="test toString" time="4.947" />
  <system-out><![CDATA[--Output from test toString--
]]></system-out>
  <system-err><![CDATA[--Output from test toString--
]]></system-err>
</testsuite>
